** Daemonized, any open files are closed.  Look at log/mongrel.pid and log/mongrel.log for info.
** Starting Mongrel listening at 0.0.0.0:3000
** Starting Rails with development environment...
** Rails loaded.
** Loading any Rails specific GemPlugins
** Signals ready.  TERM => stop.  USR2 => restart.  INT => stop (no restart).
** Rails signals registered.  HUP => reload (without restart).  It might not work well.
** Mongrel 1.1.5 available at 0.0.0.0:3000
** Writing PID file to log/mongrel.pid
** TERM signal received.
** Daemonized, any open files are closed.  Look at log/mongrel.pid and log/mongrel.log for info.
** Starting Mongrel listening at 0.0.0.0:3000
** Starting Rails with produce environment...
/usr/local/lib/ruby/gems/1.8/gems/rails-2.2.2/lib/initializer.rb:340:in `read': No such file or directory - /web/tool/onlybug/config/environments/produce.rb (Errno::ENOENT)
	from /usr/local/lib/ruby/gems/1.8/gems/rails-2.2.2/lib/initializer.rb:340:in `load_environment'
	from /usr/local/lib/ruby/gems/1.8/gems/activesupport-2.2.2/lib/active_support/core_ext/kernel/reporting.rb:11:in `silence_warnings'
	from /usr/local/lib/ruby/gems/1.8/gems/rails-2.2.2/lib/initializer.rb:333:in `load_environment'
	from /usr/local/lib/ruby/gems/1.8/gems/rails-2.2.2/lib/initializer.rb:136:in `process'
	from /usr/local/lib/ruby/gems/1.8/gems/rails-2.2.2/lib/initializer.rb:112:in `send'
	from /usr/local/lib/ruby/gems/1.8/gems/rails-2.2.2/lib/initializer.rb:112:in `run'
	from /web/tool/onlybug/config/environment.rb:16
	from /usr/local/lib/ruby/site_ruby/1.8/rubygems/custom_require.rb:31:in `gem_original_require'
	from /usr/local/lib/ruby/site_ruby/1.8/rubygems/custom_require.rb:31:in `require'
	from /usr/local/lib/ruby/gems/1.8/gems/mongrel-1.1.5/bin/../lib/mongrel/rails.rb:147:in `rails'
	from /usr/local/lib/ruby/gems/1.8/gems/mongrel-1.1.5/bin/mongrel_rails:113:in `cloaker_'
	from /usr/local/lib/ruby/gems/1.8/gems/mongrel-1.1.5/bin/../lib/mongrel/configurator.rb:149:in `call'
	from /usr/local/lib/ruby/gems/1.8/gems/mongrel-1.1.5/bin/../lib/mongrel/configurator.rb:149:in `listener'
	from /usr/local/lib/ruby/gems/1.8/gems/mongrel-1.1.5/bin/mongrel_rails:99:in `cloaker_'
	from /usr/local/lib/ruby/gems/1.8/gems/mongrel-1.1.5/bin/../lib/mongrel/configurator.rb:50:in `call'
	from /usr/local/lib/ruby/gems/1.8/gems/mongrel-1.1.5/bin/../lib/mongrel/configurator.rb:50:in `initialize'
	from /usr/local/lib/ruby/gems/1.8/gems/mongrel-1.1.5/bin/mongrel_rails:84:in `new'
	from /usr/local/lib/ruby/gems/1.8/gems/mongrel-1.1.5/bin/mongrel_rails:84:in `run'
	from /usr/local/lib/ruby/gems/1.8/gems/mongrel-1.1.5/bin/../lib/mongrel/command.rb:212:in `run'
	from /usr/local/lib/ruby/gems/1.8/gems/mongrel-1.1.5/bin/mongrel_rails:281
	from /usr/local/bin/mongrel_rails:19:in `load'
	from /usr/local/bin/mongrel_rails:19
